[2020-09-23 16:00:01] testing.ERROR: Cache store [playback] is not defined. {"exception":"[object] (InvalidArgumentException(code: 0): Cache store [playback] is not defined. at /Users/ahmetozisik/Documents/Code/packages/idempotent/vendor/laravel/framework/src/Illuminate/Cache/CacheManager.php:98)
[stacktrace]
#0 /Users/ahmetozisik/Documents/Code/packages/idempotent/vendor/laravel/framework/src/Illuminate/Cache/CacheManager.php(82): Illuminate\\Cache\\CacheManager->resolve('playback')
#1 /Users/ahmetozisik/Documents/Code/packages/idempotent/vendor/laravel/framework/src/Illuminate/Cache/CacheManager.php(60): Illuminate\\Cache\\CacheManager->get('playback')
#2 /Users/ahmetozisik/Documents/Code/packages/idempotent/src/Recorder.php(57): Illuminate\\Cache\\CacheManager->store('playback')
#3 /Users/ahmetozisik/Documents/Code/packages/idempotent/src/Recorder.php(16): Swiftmade\\Playback\\Recorder::store()
#4 /Users/ahmetozisik/Documents/Code/packages/idempotent/src/Playback.php(24): Swiftmade\\Playback\\Recorder::find('key_5f6b7101340...')
#5 /Users/ahmetozisik/Documents/Code/packages/idempotent/vendor/laravel/framework/src/Illuminate/Pipeline/Pipeline.php(167): Swiftmade\\Playback\\Playback->handle(Object(Illuminate\\Http\\Request), Object(Closure))
#6 /Users/ahmetozisik/Documents/Code/packages/idempotent/vendor/laravel/framework/src/Illuminate/Pipeline/Pipeline.php(103): Illuminate\\Pipeline\\Pipeline->Illuminate\\Pipeline\\{closure}(Object(Illuminate\\Http\\Request))
#7 /Users/ahmetozisik/Documents/Code/packages/idempotent/vendor/laravel/framework/src/Illuminate/Routing/Router.php(693): Illuminate\\Pipeline\\Pipeline->then(Object(Closure))
#8 /Users/ahmetozisik/Documents/Code/packages/idempotent/vendor/laravel/framework/src/Illuminate/Routing/Router.php(668): Illuminate\\Routing\\Router->runRouteWithinStack(Object(Illuminate\\Routing\\Route), Object(Illuminate\\Http\\Request))
#9 /Users/ahmetozisik/Documents/Code/packages/idempotent/vendor/laravel/framework/src/Illuminate/Routing/Router.php(634): Illuminate\\Routing\\Router->runRoute(Object(Illuminate\\Http\\Request), Object(Illuminate\\Routing\\Route))
#10 /Users/ahmetozisik/Documents/Code/packages/idempotent/vendor/laravel/framework/src/Illuminate/Routing/Router.php(623): Illuminate\\Routing\\Router->dispatchToRoute(Object(Illuminate\\Http\\Request))
#11 /Users/ahmetozisik/Documents/Code/packages/idempotent/vendor/laravel/framework/src/Illuminate/Foundation/Http/Kernel.php(166): Illuminate\\Routing\\Router->dispatch(Object(Illuminate\\Http\\Request))
#12 /Users/ahmetozisik/Documents/Code/packages/idempotent/vendor/laravel/framework/src/Illuminate/Pipeline/Pipeline.php(128): Illuminate\\Foundation\\Http\\Kernel->Illuminate\\Foundation\\Http\\{closure}(Object(Illuminate\\Http\\Request))
#13 /Users/ahmetozisik/Documents/Code/packages/idempotent/vendor/laravel/framework/src/Illuminate/Foundation/Http/Middleware/TransformsRequest.php(21): Illuminate\\Pipeline\\Pipeline->Illuminate\\Pipeline\\{closure}(Object(Illuminate\\Http\\Request))
#14 /Users/ahmetozisik/Documents/Code/packages/idempotent/vendor/laravel/framework/src/Illuminate/Pipeline/Pipeline.php(167): Illuminate\\Foundation\\Http\\Middleware\\TransformsRequest->handle(Object(Illuminate\\Http\\Request), Object(Closure))
#15 /Users/ahmetozisik/Documents/Code/packages/idempotent/vendor/laravel/framework/src/Illuminate/Foundation/Http/Middleware/TransformsRequest.php(21): Illuminate\\Pipeline\\Pipeline->Illuminate\\Pipeline\\{closure}(Object(Illuminate\\Http\\Request))
#16 /Users/ahmetozisik/Documents/Code/packages/idempotent/vendor/laravel/framework/src/Illuminate/Pipeline/Pipeline.php(167): Illuminate\\Foundation\\Http\\Middleware\\TransformsRequest->handle(Object(Illuminate\\Http\\Request), Object(Closure))
#17 /Users/ahmetozisik/Documents/Code/packages/idempotent/vendor/laravel/framework/src/Illuminate/Foundation/Http/Middleware/ValidatePostSize.php(27): Illuminate\\Pipeline\\Pipeline->Illuminate\\Pipeline\\{closure}(Object(Illuminate\\Http\\Request))
#18 /Users/ahmetozisik/Documents/Code/packages/idempotent/vendor/laravel/framework/src/Illuminate/Pipeline/Pipeline.php(167): Illuminate\\Foundation\\Http\\Middleware\\ValidatePostSize->handle(Object(Illuminate\\Http\\Request), Object(Closure))
#19 /Users/ahmetozisik/Documents/Code/packages/idempotent/vendor/laravel/framework/src/Illuminate/Pipeline/Pipeline.php(103): Illuminate\\Pipeline\\Pipeline->Illuminate\\Pipeline\\{closure}(Object(Illuminate\\Http\\Request))
#20 /Users/ahmetozisik/Documents/Code/packages/idempotent/vendor/laravel/framework/src/Illuminate/Foundation/Http/Kernel.php(141): Illuminate\\Pipeline\\Pipeline->then(Object(Closure))
#21 /Users/ahmetozisik/Documents/Code/packages/idempotent/vendor/laravel/framework/src/Illuminate/Foundation/Http/Kernel.php(110): Illuminate\\Foundation\\Http\\Kernel->sendRequestThroughRouter(Object(Illuminate\\Http\\Request))
#22 /Users/ahmetozisik/Documents/Code/packages/idempotent/vendor/laravel/framework/src/Illuminate/Foundation/Testing/Concerns/MakesHttpRequests.php(508): Illuminate\\Foundation\\Http\\Kernel->handle(Object(Illuminate\\Http\\Request))
#23 /Users/ahmetozisik/Documents/Code/packages/idempotent/vendor/laravel/framework/src/Illuminate/Foundation/Testing/Concerns/MakesHttpRequests.php(320): Orchestra\\Testbench\\TestCase->call('POST', 'users', Array, Array, Array, Array)
#24 /Users/ahmetozisik/Documents/Code/packages/idempotent/tests/PlaybackTest.php(35): Orchestra\\Testbench\\TestCase->post('users', Array, Array)
#25 /Users/ahmetozisik/Documents/Code/packages/idempotent/vendor/phpunit/phpunit/src/Framework/TestCase.php(1533): Swiftmade\\Playback\\Tests\\PlaybackTest->it_plays_back_post_requests()
#26 /Users/ahmetozisik/Documents/Code/packages/idempotent/vendor/phpunit/phpunit/src/Framework/TestCase.php(1139): PHPUnit\\Framework\\TestCase->runTest()
#27 /Users/ahmetozisik/Documents/Code/packages/idempotent/vendor/phpunit/phpunit/src/Framework/TestResult.php(730): PHPUnit\\Framework\\TestCase->runBare()
#28 /Users/ahmetozisik/Documents/Code/packages/idempotent/vendor/phpunit/phpunit/src/Framework/TestCase.php(880): PHPUnit\\Framework\\TestResult->run(Object(Swiftmade\\Playback\\Tests\\PlaybackTest))
#29 /Users/ahmetozisik/Documents/Code/packages/idempotent/vendor/phpunit/phpunit/src/Framework/TestSuite.php(665): PHPUnit\\Framework\\TestCase->run(Object(PHPUnit\\Framework\\TestResult))
#30 /Users/ahmetozisik/Documents/Code/packages/idempotent/vendor/phpunit/phpunit/src/Framework/TestSuite.php(665): PHPUnit\\Framework\\TestSuite->run(Object(PHPUnit\\Framework\\TestResult))
#31 /Users/ahmetozisik/Documents/Code/packages/idempotent/vendor/phpunit/phpunit/src/Framework/TestSuite.php(665): PHPUnit\\Framework\\TestSuite->run(Object(PHPUnit\\Framework\\TestResult))
#32 /Users/ahmetozisik/Documents/Code/packages/idempotent/vendor/phpunit/phpunit/src/TextUI/TestRunner.php(671): PHPUnit\\Framework\\TestSuite->run(Object(PHPUnit\\Framework\\TestResult))
#33 /Users/ahmetozisik/Documents/Code/packages/idempotent/vendor/phpunit/phpunit/src/TextUI/Command.php(148): PHPUnit\\TextUI\\TestRunner->run(Object(PHPUnit\\Framework\\TestSuite), Array, Array, true)
#34 /Users/ahmetozisik/Documents/Code/packages/idempotent/vendor/phpunit/phpunit/src/TextUI/Command.php(101): PHPUnit\\TextUI\\Command->run(Array, true)
#35 /Users/ahmetozisik/Documents/Code/packages/idempotent/vendor/phpunit/phpunit/phpunit(61): PHPUnit\\TextUI\\Command::main()
#36 {main}
"} 
[2020-09-23 16:00:01] testing.ERROR: Cache store [playback] is not defined. {"exception":"[object] (InvalidArgumentException(code: 0): Cache store [playback] is not defined. at /Users/ahmetozisik/Documents/Code/packages/idempotent/vendor/laravel/framework/src/Illuminate/Cache/CacheManager.php:98)
[stacktrace]
#0 /Users/ahmetozisik/Documents/Code/packages/idempotent/vendor/laravel/framework/src/Illuminate/Cache/CacheManager.php(82): Illuminate\\Cache\\CacheManager->resolve('playback')
#1 /Users/ahmetozisik/Documents/Code/packages/idempotent/vendor/laravel/framework/src/Illuminate/Cache/CacheManager.php(60): Illuminate\\Cache\\CacheManager->get('playback')
#2 /Users/ahmetozisik/Documents/Code/packages/idempotent/src/Recorder.php(57): Illuminate\\Cache\\CacheManager->store('playback')
#3 /Users/ahmetozisik/Documents/Code/packages/idempotent/src/Recorder.php(16): Swiftmade\\Playback\\Recorder::store()
#4 /Users/ahmetozisik/Documents/Code/packages/idempotent/src/Playback.php(24): Swiftmade\\Playback\\Recorder::find('key_5f6b71013a1...')
#5 /Users/ahmetozisik/Documents/Code/packages/idempotent/vendor/laravel/framework/src/Illuminate/Pipeline/Pipeline.php(167): Swiftmade\\Playback\\Playback->handle(Object(Illuminate\\Http\\Request), Object(Closure))
#6 /Users/ahmetozisik/Documents/Code/packages/idempotent/vendor/laravel/framework/src/Illuminate/Pipeline/Pipeline.php(103): Illuminate\\Pipeline\\Pipeline->Illuminate\\Pipeline\\{closure}(Object(Illuminate\\Http\\Request))
#7 /Users/ahmetozisik/Documents/Code/packages/idempotent/vendor/laravel/framework/src/Illuminate/Routing/Router.php(693): Illuminate\\Pipeline\\Pipeline->then(Object(Closure))
#8 /Users/ahmetozisik/Documents/Code/packages/idempotent/vendor/laravel/framework/src/Illuminate/Routing/Router.php(668): Illuminate\\Routing\\Router->runRouteWithinStack(Object(Illuminate\\Routing\\Route), Object(Illuminate\\Http\\Request))
#9 /Users/ahmetozisik/Documents/Code/packages/idempotent/vendor/laravel/framework/src/Illuminate/Routing/Router.php(634): Illuminate\\Routing\\Router->runRoute(Object(Illuminate\\Http\\Request), Object(Illuminate\\Routing\\Route))
#10 /Users/ahmetozisik/Documents/Code/packages/idempotent/vendor/laravel/framework/src/Illuminate/Routing/Router.php(623): Illuminate\\Routing\\Router->dispatchToRoute(Object(Illuminate\\Http\\Request))
#11 /Users/ahmetozisik/Documents/Code/packages/idempotent/vendor/laravel/framework/src/Illuminate/Foundation/Http/Kernel.php(166): Illuminate\\Routing\\Router->dispatch(Object(Illuminate\\Http\\Request))
#12 /Users/ahmetozisik/Documents/Code/packages/idempotent/vendor/laravel/framework/src/Illuminate/Pipeline/Pipeline.php(128): Illuminate\\Foundation\\Http\\Kernel->Illuminate\\Foundation\\Http\\{closure}(Object(Illuminate\\Http\\Request))
#13 /Users/ahmetozisik/Documents/Code/packages/idempotent/vendor/laravel/framework/src/Illuminate/Foundation/Http/Middleware/TransformsRequest.php(21): Illuminate\\Pipeline\\Pipeline->Illuminate\\Pipeline\\{closure}(Object(Illuminate\\Http\\Request))
#14 /Users/ahmetozisik/Documents/Code/packages/idempotent/vendor/laravel/framework/src/Illuminate/Pipeline/Pipeline.php(167): Illuminate\\Foundation\\Http\\Middleware\\TransformsRequest->handle(Object(Illuminate\\Http\\Request), Object(Closure))
#15 /Users/ahmetozisik/Documents/Code/packages/idempotent/vendor/laravel/framework/src/Illuminate/Foundation/Http/Middleware/TransformsRequest.php(21): Illuminate\\Pipeline\\Pipeline->Illuminate\\Pipeline\\{closure}(Object(Illuminate\\Http\\Request))
#16 /Users/ahmetozisik/Documents/Code/packages/idempotent/vendor/laravel/framework/src/Illuminate/Pipeline/Pipeline.php(167): Illuminate\\Foundation\\Http\\Middleware\\TransformsRequest->handle(Object(Illuminate\\Http\\Request), Object(Closure))
#17 /Users/ahmetozisik/Documents/Code/packages/idempotent/vendor/laravel/framework/src/Illuminate/Foundation/Http/Middleware/ValidatePostSize.php(27): Illuminate\\Pipeline\\Pipeline->Illuminate\\Pipeline\\{closure}(Object(Illuminate\\Http\\Request))
#18 /Users/ahmetozisik/Documents/Code/packages/idempotent/vendor/laravel/framework/src/Illuminate/Pipeline/Pipeline.php(167): Illuminate\\Foundation\\Http\\Middleware\\ValidatePostSize->handle(Object(Illuminate\\Http\\Request), Object(Closure))
#19 /Users/ahmetozisik/Documents/Code/packages/idempotent/vendor/laravel/framework/src/Illuminate/Pipeline/Pipeline.php(103): Illuminate\\Pipeline\\Pipeline->Illuminate\\Pipeline\\{closure}(Object(Illuminate\\Http\\Request))
#20 /Users/ahmetozisik/Documents/Code/packages/idempotent/vendor/laravel/framework/src/Illuminate/Foundation/Http/Kernel.php(141): Illuminate\\Pipeline\\Pipeline->then(Object(Closure))
#21 /Users/ahmetozisik/Documents/Code/packages/idempotent/vendor/laravel/framework/src/Illuminate/Foundation/Http/Kernel.php(110): Illuminate\\Foundation\\Http\\Kernel->sendRequestThroughRouter(Object(Illuminate\\Http\\Request))
#22 /Users/ahmetozisik/Documents/Code/packages/idempotent/vendor/laravel/framework/src/Illuminate/Foundation/Testing/Concerns/MakesHttpRequests.php(508): Illuminate\\Foundation\\Http\\Kernel->handle(Object(Illuminate\\Http\\Request))
#23 /Users/ahmetozisik/Documents/Code/packages/idempotent/vendor/laravel/framework/src/Illuminate/Foundation/Testing/Concerns/MakesHttpRequests.php(320): Orchestra\\Testbench\\TestCase->call('POST', 'server_error', Array, Array, Array, Array)
#24 /Users/ahmetozisik/Documents/Code/packages/idempotent/tests/PlaybackTest.php(66): Orchestra\\Testbench\\TestCase->post('server_error', Array, Array)
#25 /Users/ahmetozisik/Documents/Code/packages/idempotent/vendor/phpunit/phpunit/src/Framework/TestCase.php(1533): Swiftmade\\Playback\\Tests\\PlaybackTest->it_plays_back_internal_server_errors()
#26 /Users/ahmetozisik/Documents/Code/packages/idempotent/vendor/phpunit/phpunit/src/Framework/TestCase.php(1139): PHPUnit\\Framework\\TestCase->runTest()
#27 /Users/ahmetozisik/Documents/Code/packages/idempotent/vendor/phpunit/phpunit/src/Framework/TestResult.php(730): PHPUnit\\Framework\\TestCase->runBare()
#28 /Users/ahmetozisik/Documents/Code/packages/idempotent/vendor/phpunit/phpunit/src/Framework/TestCase.php(880): PHPUnit\\Framework\\TestResult->run(Object(Swiftmade\\Playback\\Tests\\PlaybackTest))
#29 /Users/ahmetozisik/Documents/Code/packages/idempotent/vendor/phpunit/phpunit/src/Framework/TestSuite.php(665): PHPUnit\\Framework\\TestCase->run(Object(PHPUnit\\Framework\\TestResult))
#30 /Users/ahmetozisik/Documents/Code/packages/idempotent/vendor/phpunit/phpunit/src/Framework/TestSuite.php(665): PHPUnit\\Framework\\TestSuite->run(Object(PHPUnit\\Framework\\TestResult))
#31 /Users/ahmetozisik/Documents/Code/packages/idempotent/vendor/phpunit/phpunit/src/Framework/TestSuite.php(665): PHPUnit\\Framework\\TestSuite->run(Object(PHPUnit\\Framework\\TestResult))
#32 /Users/ahmetozisik/Documents/Code/packages/idempotent/vendor/phpunit/phpunit/src/TextUI/TestRunner.php(671): PHPUnit\\Framework\\TestSuite->run(Object(PHPUnit\\Framework\\TestResult))
#33 /Users/ahmetozisik/Documents/Code/packages/idempotent/vendor/phpunit/phpunit/src/TextUI/Command.php(148): PHPUnit\\TextUI\\TestRunner->run(Object(PHPUnit\\Framework\\TestSuite), Array, Array, true)
#34 /Users/ahmetozisik/Documents/Code/packages/idempotent/vendor/phpunit/phpunit/src/TextUI/Command.php(101): PHPUnit\\TextUI\\Command->run(Array, true)
#35 /Users/ahmetozisik/Documents/Code/packages/idempotent/vendor/phpunit/phpunit/phpunit(61): PHPUnit\\TextUI\\Command::main()
#36 {main}
"} 
[2020-09-23 16:00:01] testing.ERROR: Cache store [playback] is not defined. {"exception":"[object] (InvalidArgumentException(code: 0): Cache store [playback] is not defined. at /Users/ahmetozisik/Documents/Code/packages/idempotent/vendor/laravel/framework/src/Illuminate/Cache/CacheManager.php:98)
[stacktrace]
#0 /Users/ahmetozisik/Documents/Code/packages/idempotent/vendor/laravel/framework/src/Illuminate/Cache/CacheManager.php(82): Illuminate\\Cache\\CacheManager->resolve('playback')
#1 /Users/ahmetozisik/Documents/Code/packages/idempotent/vendor/laravel/framework/src/Illuminate/Cache/CacheManager.php(60): Illuminate\\Cache\\CacheManager->get('playback')
#2 /Users/ahmetozisik/Documents/Code/packages/idempotent/src/Recorder.php(57): Illuminate\\Cache\\CacheManager->store('playback')
#3 /Users/ahmetozisik/Documents/Code/packages/idempotent/src/Recorder.php(16): Swiftmade\\Playback\\Recorder::store()
#4 /Users/ahmetozisik/Documents/Code/packages/idempotent/src/Playback.php(24): Swiftmade\\Playback\\Recorder::find('key_5f6b71013a1...')
#5 /Users/ahmetozisik/Documents/Code/packages/idempotent/vendor/laravel/framework/src/Illuminate/Pipeline/Pipeline.php(167): Swiftmade\\Playback\\Playback->handle(Object(Illuminate\\Http\\Request), Object(Closure))
#6 /Users/ahmetozisik/Documents/Code/packages/idempotent/vendor/laravel/framework/src/Illuminate/Pipeline/Pipeline.php(103): Illuminate\\Pipeline\\Pipeline->Illuminate\\Pipeline\\{closure}(Object(Illuminate\\Http\\Request))
#7 /Users/ahmetozisik/Documents/Code/packages/idempotent/vendor/laravel/framework/src/Illuminate/Routing/Router.php(693): Illuminate\\Pipeline\\Pipeline->then(Object(Closure))
#8 /Users/ahmetozisik/Documents/Code/packages/idempotent/vendor/laravel/framework/src/Illuminate/Routing/Router.php(668): Illuminate\\Routing\\Router->runRouteWithinStack(Object(Illuminate\\Routing\\Route), Object(Illuminate\\Http\\Request))
#9 /Users/ahmetozisik/Documents/Code/packages/idempotent/vendor/laravel/framework/src/Illuminate/Routing/Router.php(634): Illuminate\\Routing\\Router->runRoute(Object(Illuminate\\Http\\Request), Object(Illuminate\\Routing\\Route))
#10 /Users/ahmetozisik/Documents/Code/packages/idempotent/vendor/laravel/framework/src/Illuminate/Routing/Router.php(623): Illuminate\\Routing\\Router->dispatchToRoute(Object(Illuminate\\Http\\Request))
#11 /Users/ahmetozisik/Documents/Code/packages/idempotent/vendor/laravel/framework/src/Illuminate/Foundation/Http/Kernel.php(166): Illuminate\\Routing\\Router->dispatch(Object(Illuminate\\Http\\Request))
#12 /Users/ahmetozisik/Documents/Code/packages/idempotent/vendor/laravel/framework/src/Illuminate/Pipeline/Pipeline.php(128): Illuminate\\Foundation\\Http\\Kernel->Illuminate\\Foundation\\Http\\{closure}(Object(Illuminate\\Http\\Request))
#13 /Users/ahmetozisik/Documents/Code/packages/idempotent/vendor/laravel/framework/src/Illuminate/Foundation/Http/Middleware/TransformsRequest.php(21): Illuminate\\Pipeline\\Pipeline->Illuminate\\Pipeline\\{closure}(Object(Illuminate\\Http\\Request))
#14 /Users/ahmetozisik/Documents/Code/packages/idempotent/vendor/laravel/framework/src/Illuminate/Pipeline/Pipeline.php(167): Illuminate\\Foundation\\Http\\Middleware\\TransformsRequest->handle(Object(Illuminate\\Http\\Request), Object(Closure))
#15 /Users/ahmetozisik/Documents/Code/packages/idempotent/vendor/laravel/framework/src/Illuminate/Foundation/Http/Middleware/TransformsRequest.php(21): Illuminate\\Pipeline\\Pipeline->Illuminate\\Pipeline\\{closure}(Object(Illuminate\\Http\\Request))
#16 /Users/ahmetozisik/Documents/Code/packages/idempotent/vendor/laravel/framework/src/Illuminate/Pipeline/Pipeline.php(167): Illuminate\\Foundation\\Http\\Middleware\\TransformsRequest->handle(Object(Illuminate\\Http\\Request), Object(Closure))
#17 /Users/ahmetozisik/Documents/Code/packages/idempotent/vendor/laravel/framework/src/Illuminate/Foundation/Http/Middleware/ValidatePostSize.php(27): Illuminate\\Pipeline\\Pipeline->Illuminate\\Pipeline\\{closure}(Object(Illuminate\\Http\\Request))
#18 /Users/ahmetozisik/Documents/Code/packages/idempotent/vendor/laravel/framework/src/Illuminate/Pipeline/Pipeline.php(167): Illuminate\\Foundation\\Http\\Middleware\\ValidatePostSize->handle(Object(Illuminate\\Http\\Request), Object(Closure))
#19 /Users/ahmetozisik/Documents/Code/packages/idempotent/vendor/laravel/framework/src/Illuminate/Pipeline/Pipeline.php(103): Illuminate\\Pipeline\\Pipeline->Illuminate\\Pipeline\\{closure}(Object(Illuminate\\Http\\Request))
#20 /Users/ahmetozisik/Documents/Code/packages/idempotent/vendor/laravel/framework/src/Illuminate/Foundation/Http/Kernel.php(141): Illuminate\\Pipeline\\Pipeline->then(Object(Closure))
#21 /Users/ahmetozisik/Documents/Code/packages/idempotent/vendor/laravel/framework/src/Illuminate/Foundation/Http/Kernel.php(110): Illuminate\\Foundation\\Http\\Kernel->sendRequestThroughRouter(Object(Illuminate\\Http\\Request))
#22 /Users/ahmetozisik/Documents/Code/packages/idempotent/vendor/laravel/framework/src/Illuminate/Foundation/Testing/Concerns/MakesHttpRequests.php(508): Illuminate\\Foundation\\Http\\Kernel->handle(Object(Illuminate\\Http\\Request))
#23 /Users/ahmetozisik/Documents/Code/packages/idempotent/vendor/laravel/framework/src/Illuminate/Foundation/Testing/Concerns/MakesHttpRequests.php(320): Orchestra\\Testbench\\TestCase->call('POST', 'server_error', Array, Array, Array, Array)
#24 /Users/ahmetozisik/Documents/Code/packages/idempotent/tests/PlaybackTest.php(73): Orchestra\\Testbench\\TestCase->post('server_error', Array, Array)
#25 /Users/ahmetozisik/Documents/Code/packages/idempotent/vendor/phpunit/phpunit/src/Framework/TestCase.php(1533): Swiftmade\\Playback\\Tests\\PlaybackTest->it_plays_back_internal_server_errors()
#26 /Users/ahmetozisik/Documents/Code/packages/idempotent/vendor/phpunit/phpunit/src/Framework/TestCase.php(1139): PHPUnit\\Framework\\TestCase->runTest()
#27 /Users/ahmetozisik/Documents/Code/packages/idempotent/vendor/phpunit/phpunit/src/Framework/TestResult.php(730): PHPUnit\\Framework\\TestCase->runBare()
#28 /Users/ahmetozisik/Documents/Code/packages/idempotent/vendor/phpunit/phpunit/src/Framework/TestCase.php(880): PHPUnit\\Framework\\TestResult->run(Object(Swiftmade\\Playback\\Tests\\PlaybackTest))
#29 /Users/ahmetozisik/Documents/Code/packages/idempotent/vendor/phpunit/phpunit/src/Framework/TestSuite.php(665): PHPUnit\\Framework\\TestCase->run(Object(PHPUnit\\Framework\\TestResult))
#30 /Users/ahmetozisik/Documents/Code/packages/idempotent/vendor/phpunit/phpunit/src/Framework/TestSuite.php(665): PHPUnit\\Framework\\TestSuite->run(Object(PHPUnit\\Framework\\TestResult))
#31 /Users/ahmetozisik/Documents/Code/packages/idempotent/vendor/phpunit/phpunit/src/Framework/TestSuite.php(665): PHPUnit\\Framework\\TestSuite->run(Object(PHPUnit\\Framework\\TestResult))
#32 /Users/ahmetozisik/Documents/Code/packages/idempotent/vendor/phpunit/phpunit/src/TextUI/TestRunner.php(671): PHPUnit\\Framework\\TestSuite->run(Object(PHPUnit\\Framework\\TestResult))
#33 /Users/ahmetozisik/Documents/Code/packages/idempotent/vendor/phpunit/phpunit/src/TextUI/Command.php(148): PHPUnit\\TextUI\\TestRunner->run(Object(PHPUnit\\Framework\\TestSuite), Array, Array, true)
#34 /Users/ahmetozisik/Documents/Code/packages/idempotent/vendor/phpunit/phpunit/src/TextUI/Command.php(101): PHPUnit\\TextUI\\Command->run(Array, true)
#35 /Users/ahmetozisik/Documents/Code/packages/idempotent/vendor/phpunit/phpunit/phpunit(61): PHPUnit\\TextUI\\Command::main()
#36 {main}
"} 
[2020-09-23 16:00:01] testing.ERROR: Cache store [playback] is not defined. {"exception":"[object] (InvalidArgumentException(code: 0): Cache store [playback] is not defined. at /Users/ahmetozisik/Documents/Code/packages/idempotent/vendor/laravel/framework/src/Illuminate/Cache/CacheManager.php:98)
[stacktrace]
#0 /Users/ahmetozisik/Documents/Code/packages/idempotent/vendor/laravel/framework/src/Illuminate/Cache/CacheManager.php(82): Illuminate\\Cache\\CacheManager->resolve('playback')
#1 /Users/ahmetozisik/Documents/Code/packages/idempotent/vendor/laravel/framework/src/Illuminate/Cache/CacheManager.php(60): Illuminate\\Cache\\CacheManager->get('playback')
#2 /Users/ahmetozisik/Documents/Code/packages/idempotent/src/Recorder.php(57): Illuminate\\Cache\\CacheManager->store('playback')
#3 /Users/ahmetozisik/Documents/Code/packages/idempotent/src/Recorder.php(16): Swiftmade\\Playback\\Recorder::store()
#4 /Users/ahmetozisik/Documents/Code/packages/idempotent/src/Playback.php(24): Swiftmade\\Playback\\Recorder::find('key_5f6b71013b4...')
#5 /Users/ahmetozisik/Documents/Code/packages/idempotent/vendor/laravel/framework/src/Illuminate/Pipeline/Pipeline.php(167): Swiftmade\\Playback\\Playback->handle(Object(Illuminate\\Http\\Request), Object(Closure))
#6 /Users/ahmetozisik/Documents/Code/packages/idempotent/vendor/laravel/framework/src/Illuminate/Pipeline/Pipeline.php(103): Illuminate\\Pipeline\\Pipeline->Illuminate\\Pipeline\\{closure}(Object(Illuminate\\Http\\Request))
#7 /Users/ahmetozisik/Documents/Code/packages/idempotent/vendor/laravel/framework/src/Illuminate/Routing/Router.php(693): Illuminate\\Pipeline\\Pipeline->then(Object(Closure))
#8 /Users/ahmetozisik/Documents/Code/packages/idempotent/vendor/laravel/framework/src/Illuminate/Routing/Router.php(668): Illuminate\\Routing\\Router->runRouteWithinStack(Object(Illuminate\\Routing\\Route), Object(Illuminate\\Http\\Request))
#9 /Users/ahmetozisik/Documents/Code/packages/idempotent/vendor/laravel/framework/src/Illuminate/Routing/Router.php(634): Illuminate\\Routing\\Router->runRoute(Object(Illuminate\\Http\\Request), Object(Illuminate\\Routing\\Route))
#10 /Users/ahmetozisik/Documents/Code/packages/idempotent/vendor/laravel/framework/src/Illuminate/Routing/Router.php(623): Illuminate\\Routing\\Router->dispatchToRoute(Object(Illuminate\\Http\\Request))
#11 /Users/ahmetozisik/Documents/Code/packages/idempotent/vendor/laravel/framework/src/Illuminate/Foundation/Http/Kernel.php(166): Illuminate\\Routing\\Router->dispatch(Object(Illuminate\\Http\\Request))
#12 /Users/ahmetozisik/Documents/Code/packages/idempotent/vendor/laravel/framework/src/Illuminate/Pipeline/Pipeline.php(128): Illuminate\\Foundation\\Http\\Kernel->Illuminate\\Foundation\\Http\\{closure}(Object(Illuminate\\Http\\Request))
#13 /Users/ahmetozisik/Documents/Code/packages/idempotent/vendor/laravel/framework/src/Illuminate/Foundation/Http/Middleware/TransformsRequest.php(21): Illuminate\\Pipeline\\Pipeline->Illuminate\\Pipeline\\{closure}(Object(Illuminate\\Http\\Request))
#14 /Users/ahmetozisik/Documents/Code/packages/idempotent/vendor/laravel/framework/src/Illuminate/Pipeline/Pipeline.php(167): Illuminate\\Foundation\\Http\\Middleware\\TransformsRequest->handle(Object(Illuminate\\Http\\Request), Object(Closure))
#15 /Users/ahmetozisik/Documents/Code/packages/idempotent/vendor/laravel/framework/src/Illuminate/Foundation/Http/Middleware/TransformsRequest.php(21): Illuminate\\Pipeline\\Pipeline->Illuminate\\Pipeline\\{closure}(Object(Illuminate\\Http\\Request))
#16 /Users/ahmetozisik/Documents/Code/packages/idempotent/vendor/laravel/framework/src/Illuminate/Pipeline/Pipeline.php(167): Illuminate\\Foundation\\Http\\Middleware\\TransformsRequest->handle(Object(Illuminate\\Http\\Request), Object(Closure))
#17 /Users/ahmetozisik/Documents/Code/packages/idempotent/vendor/laravel/framework/src/Illuminate/Foundation/Http/Middleware/ValidatePostSize.php(27): Illuminate\\Pipeline\\Pipeline->Illuminate\\Pipeline\\{closure}(Object(Illuminate\\Http\\Request))
#18 /Users/ahmetozisik/Documents/Code/packages/idempotent/vendor/laravel/framework/src/Illuminate/Pipeline/Pipeline.php(167): Illuminate\\Foundation\\Http\\Middleware\\ValidatePostSize->handle(Object(Illuminate\\Http\\Request), Object(Closure))
#19 /Users/ahmetozisik/Documents/Code/packages/idempotent/vendor/laravel/framework/src/Illuminate/Pipeline/Pipeline.php(103): Illuminate\\Pipeline\\Pipeline->Illuminate\\Pipeline\\{closure}(Object(Illuminate\\Http\\Request))
#20 /Users/ahmetozisik/Documents/Code/packages/idempotent/vendor/laravel/framework/src/Illuminate/Foundation/Http/Kernel.php(141): Illuminate\\Pipeline\\Pipeline->then(Object(Closure))
#21 /Users/ahmetozisik/Documents/Code/packages/idempotent/vendor/laravel/framework/src/Illuminate/Foundation/Http/Kernel.php(110): Illuminate\\Foundation\\Http\\Kernel->sendRequestThroughRouter(Object(Illuminate\\Http\\Request))
#22 /Users/ahmetozisik/Documents/Code/packages/idempotent/vendor/laravel/framework/src/Illuminate/Foundation/Testing/Concerns/MakesHttpRequests.php(508): Illuminate\\Foundation\\Http\\Kernel->handle(Object(Illuminate\\Http\\Request))
#23 /Users/ahmetozisik/Documents/Code/packages/idempotent/vendor/laravel/framework/src/Illuminate/Foundation/Testing/Concerns/MakesHttpRequests.php(320): Orchestra\\Testbench\\TestCase->call('POST', 'users', Array, Array, Array, Array)
#24 /Users/ahmetozisik/Documents/Code/packages/idempotent/tests/PlaybackTest.php(96): Orchestra\\Testbench\\TestCase->post('users', Array, Array)
#25 /Users/ahmetozisik/Documents/Code/packages/idempotent/vendor/phpunit/phpunit/src/Framework/TestCase.php(1533): Swiftmade\\Playback\\Tests\\PlaybackTest->different_key_returns_different_response()
#26 /Users/ahmetozisik/Documents/Code/packages/idempotent/vendor/phpunit/phpunit/src/Framework/TestCase.php(1139): PHPUnit\\Framework\\TestCase->runTest()
#27 /Users/ahmetozisik/Documents/Code/packages/idempotent/vendor/phpunit/phpunit/src/Framework/TestResult.php(730): PHPUnit\\Framework\\TestCase->runBare()
#28 /Users/ahmetozisik/Documents/Code/packages/idempotent/vendor/phpunit/phpunit/src/Framework/TestCase.php(880): PHPUnit\\Framework\\TestResult->run(Object(Swiftmade\\Playback\\Tests\\PlaybackTest))
#29 /Users/ahmetozisik/Documents/Code/packages/idempotent/vendor/phpunit/phpunit/src/Framework/TestSuite.php(665): PHPUnit\\Framework\\TestCase->run(Object(PHPUnit\\Framework\\TestResult))
#30 /Users/ahmetozisik/Documents/Code/packages/idempotent/vendor/phpunit/phpunit/src/Framework/TestSuite.php(665): PHPUnit\\Framework\\TestSuite->run(Object(PHPUnit\\Framework\\TestResult))
#31 /Users/ahmetozisik/Documents/Code/packages/idempotent/vendor/phpunit/phpunit/src/Framework/TestSuite.php(665): PHPUnit\\Framework\\TestSuite->run(Object(PHPUnit\\Framework\\TestResult))
#32 /Users/ahmetozisik/Documents/Code/packages/idempotent/vendor/phpunit/phpunit/src/TextUI/TestRunner.php(671): PHPUnit\\Framework\\TestSuite->run(Object(PHPUnit\\Framework\\TestResult))
#33 /Users/ahmetozisik/Documents/Code/packages/idempotent/vendor/phpunit/phpunit/src/TextUI/Command.php(148): PHPUnit\\TextUI\\TestRunner->run(Object(PHPUnit\\Framework\\TestSuite), Array, Array, true)
#34 /Users/ahmetozisik/Documents/Code/packages/idempotent/vendor/phpunit/phpunit/src/TextUI/Command.php(101): PHPUnit\\TextUI\\Command->run(Array, true)
#35 /Users/ahmetozisik/Documents/Code/packages/idempotent/vendor/phpunit/phpunit/phpunit(61): PHPUnit\\TextUI\\Command::main()
#36 {main}
"} 
[2020-09-23 16:00:01] testing.ERROR: Cache store [playback] is not defined. {"exception":"[object] (InvalidArgumentException(code: 0): Cache store [playback] is not defined. at /Users/ahmetozisik/Documents/Code/packages/idempotent/vendor/laravel/framework/src/Illuminate/Cache/CacheManager.php:98)
[stacktrace]
#0 /Users/ahmetozisik/Documents/Code/packages/idempotent/vendor/laravel/framework/src/Illuminate/Cache/CacheManager.php(82): Illuminate\\Cache\\CacheManager->resolve('playback')
#1 /Users/ahmetozisik/Documents/Code/packages/idempotent/vendor/laravel/framework/src/Illuminate/Cache/CacheManager.php(60): Illuminate\\Cache\\CacheManager->get('playback')
#2 /Users/ahmetozisik/Documents/Code/packages/idempotent/src/Recorder.php(57): Illuminate\\Cache\\CacheManager->store('playback')
#3 /Users/ahmetozisik/Documents/Code/packages/idempotent/src/Recorder.php(16): Swiftmade\\Playback\\Recorder::store()
#4 /Users/ahmetozisik/Documents/Code/packages/idempotent/src/Playback.php(24): Swiftmade\\Playback\\Recorder::find('key_5f6b71013c3...')
#5 /Users/ahmetozisik/Documents/Code/packages/idempotent/vendor/laravel/framework/src/Illuminate/Pipeline/Pipeline.php(167): Swiftmade\\Playback\\Playback->handle(Object(Illuminate\\Http\\Request), Object(Closure))
#6 /Users/ahmetozisik/Documents/Code/packages/idempotent/vendor/laravel/framework/src/Illuminate/Pipeline/Pipeline.php(103): Illuminate\\Pipeline\\Pipeline->Illuminate\\Pipeline\\{closure}(Object(Illuminate\\Http\\Request))
#7 /Users/ahmetozisik/Documents/Code/packages/idempotent/vendor/laravel/framework/src/Illuminate/Routing/Router.php(693): Illuminate\\Pipeline\\Pipeline->then(Object(Closure))
#8 /Users/ahmetozisik/Documents/Code/packages/idempotent/vendor/laravel/framework/src/Illuminate/Routing/Router.php(668): Illuminate\\Routing\\Router->runRouteWithinStack(Object(Illuminate\\Routing\\Route), Object(Illuminate\\Http\\Request))
#9 /Users/ahmetozisik/Documents/Code/packages/idempotent/vendor/laravel/framework/src/Illuminate/Routing/Router.php(634): Illuminate\\Routing\\Router->runRoute(Object(Illuminate\\Http\\Request), Object(Illuminate\\Routing\\Route))
#10 /Users/ahmetozisik/Documents/Code/packages/idempotent/vendor/laravel/framework/src/Illuminate/Routing/Router.php(623): Illuminate\\Routing\\Router->dispatchToRoute(Object(Illuminate\\Http\\Request))
#11 /Users/ahmetozisik/Documents/Code/packages/idempotent/vendor/laravel/framework/src/Illuminate/Foundation/Http/Kernel.php(166): Illuminate\\Routing\\Router->dispatch(Object(Illuminate\\Http\\Request))
#12 /Users/ahmetozisik/Documents/Code/packages/idempotent/vendor/laravel/framework/src/Illuminate/Pipeline/Pipeline.php(128): Illuminate\\Foundation\\Http\\Kernel->Illuminate\\Foundation\\Http\\{closure}(Object(Illuminate\\Http\\Request))
#13 /Users/ahmetozisik/Documents/Code/packages/idempotent/vendor/laravel/framework/src/Illuminate/Foundation/Http/Middleware/TransformsRequest.php(21): Illuminate\\Pipeline\\Pipeline->Illuminate\\Pipeline\\{closure}(Object(Illuminate\\Http\\Request))
#14 /Users/ahmetozisik/Documents/Code/packages/idempotent/vendor/laravel/framework/src/Illuminate/Pipeline/Pipeline.php(167): Illuminate\\Foundation\\Http\\Middleware\\TransformsRequest->handle(Object(Illuminate\\Http\\Request), Object(Closure))
#15 /Users/ahmetozisik/Documents/Code/packages/idempotent/vendor/laravel/framework/src/Illuminate/Foundation/Http/Middleware/TransformsRequest.php(21): Illuminate\\Pipeline\\Pipeline->Illuminate\\Pipeline\\{closure}(Object(Illuminate\\Http\\Request))
#16 /Users/ahmetozisik/Documents/Code/packages/idempotent/vendor/laravel/framework/src/Illuminate/Pipeline/Pipeline.php(167): Illuminate\\Foundation\\Http\\Middleware\\TransformsRequest->handle(Object(Illuminate\\Http\\Request), Object(Closure))
#17 /Users/ahmetozisik/Documents/Code/packages/idempotent/vendor/laravel/framework/src/Illuminate/Foundation/Http/Middleware/ValidatePostSize.php(27): Illuminate\\Pipeline\\Pipeline->Illuminate\\Pipeline\\{closure}(Object(Illuminate\\Http\\Request))
#18 /Users/ahmetozisik/Documents/Code/packages/idempotent/vendor/laravel/framework/src/Illuminate/Pipeline/Pipeline.php(167): Illuminate\\Foundation\\Http\\Middleware\\ValidatePostSize->handle(Object(Illuminate\\Http\\Request), Object(Closure))
#19 /Users/ahmetozisik/Documents/Code/packages/idempotent/vendor/laravel/framework/src/Illuminate/Pipeline/Pipeline.php(103): Illuminate\\Pipeline\\Pipeline->Illuminate\\Pipeline\\{closure}(Object(Illuminate\\Http\\Request))
#20 /Users/ahmetozisik/Documents/Code/packages/idempotent/vendor/laravel/framework/src/Illuminate/Foundation/Http/Kernel.php(141): Illuminate\\Pipeline\\Pipeline->then(Object(Closure))
#21 /Users/ahmetozisik/Documents/Code/packages/idempotent/vendor/laravel/framework/src/Illuminate/Foundation/Http/Kernel.php(110): Illuminate\\Foundation\\Http\\Kernel->sendRequestThroughRouter(Object(Illuminate\\Http\\Request))
#22 /Users/ahmetozisik/Documents/Code/packages/idempotent/vendor/laravel/framework/src/Illuminate/Foundation/Testing/Concerns/MakesHttpRequests.php(508): Illuminate\\Foundation\\Http\\Kernel->handle(Object(Illuminate\\Http\\Request))
#23 /Users/ahmetozisik/Documents/Code/packages/idempotent/vendor/laravel/framework/src/Illuminate/Foundation/Testing/Concerns/MakesHttpRequests.php(320): Orchestra\\Testbench\\TestCase->call('POST', 'users', Array, Array, Array, Array)
#24 /Users/ahmetozisik/Documents/Code/packages/idempotent/tests/PlaybackTest.php(127): Orchestra\\Testbench\\TestCase->post('users', Array, Array)
#25 /Users/ahmetozisik/Documents/Code/packages/idempotent/vendor/phpunit/phpunit/src/Framework/TestCase.php(1533): Swiftmade\\Playback\\Tests\\PlaybackTest->it_returns_400_if_headers_change()
#26 /Users/ahmetozisik/Documents/Code/packages/idempotent/vendor/phpunit/phpunit/src/Framework/TestCase.php(1139): PHPUnit\\Framework\\TestCase->runTest()
#27 /Users/ahmetozisik/Documents/Code/packages/idempotent/vendor/phpunit/phpunit/src/Framework/TestResult.php(730): PHPUnit\\Framework\\TestCase->runBare()
#28 /Users/ahmetozisik/Documents/Code/packages/idempotent/vendor/phpunit/phpunit/src/Framework/TestCase.php(880): PHPUnit\\Framework\\TestResult->run(Object(Swiftmade\\Playback\\Tests\\PlaybackTest))
#29 /Users/ahmetozisik/Documents/Code/packages/idempotent/vendor/phpunit/phpunit/src/Framework/TestSuite.php(665): PHPUnit\\Framework\\TestCase->run(Object(PHPUnit\\Framework\\TestResult))
#30 /Users/ahmetozisik/Documents/Code/packages/idempotent/vendor/phpunit/phpunit/src/Framework/TestSuite.php(665): PHPUnit\\Framework\\TestSuite->run(Object(PHPUnit\\Framework\\TestResult))
#31 /Users/ahmetozisik/Documents/Code/packages/idempotent/vendor/phpunit/phpunit/src/Framework/TestSuite.php(665): PHPUnit\\Framework\\TestSuite->run(Object(PHPUnit\\Framework\\TestResult))
#32 /Users/ahmetozisik/Documents/Code/packages/idempotent/vendor/phpunit/phpunit/src/TextUI/TestRunner.php(671): PHPUnit\\Framework\\TestSuite->run(Object(PHPUnit\\Framework\\TestResult))
#33 /Users/ahmetozisik/Documents/Code/packages/idempotent/vendor/phpunit/phpunit/src/TextUI/Command.php(148): PHPUnit\\TextUI\\TestRunner->run(Object(PHPUnit\\Framework\\TestSuite), Array, Array, true)
#34 /Users/ahmetozisik/Documents/Code/packages/idempotent/vendor/phpunit/phpunit/src/TextUI/Command.php(101): PHPUnit\\TextUI\\Command->run(Array, true)
#35 /Users/ahmetozisik/Documents/Code/packages/idempotent/vendor/phpunit/phpunit/phpunit(61): PHPUnit\\TextUI\\Command::main()
#36 {main}
"} 
[2020-09-23 16:00:01] testing.ERROR: Cache store [playback] is not defined. {"exception":"[object] (InvalidArgumentException(code: 0): Cache store [playback] is not defined. at /Users/ahmetozisik/Documents/Code/packages/idempotent/vendor/laravel/framework/src/Illuminate/Cache/CacheManager.php:98)
[stacktrace]
#0 /Users/ahmetozisik/Documents/Code/packages/idempotent/vendor/laravel/framework/src/Illuminate/Cache/CacheManager.php(82): Illuminate\\Cache\\CacheManager->resolve('playback')
#1 /Users/ahmetozisik/Documents/Code/packages/idempotent/vendor/laravel/framework/src/Illuminate/Cache/CacheManager.php(60): Illuminate\\Cache\\CacheManager->get('playback')
#2 /Users/ahmetozisik/Documents/Code/packages/idempotent/src/Recorder.php(57): Illuminate\\Cache\\CacheManager->store('playback')
#3 /Users/ahmetozisik/Documents/Code/packages/idempotent/src/Recorder.php(16): Swiftmade\\Playback\\Recorder::store()
#4 /Users/ahmetozisik/Documents/Code/packages/idempotent/src/Playback.php(24): Swiftmade\\Playback\\Recorder::find('key_5f6b71013d8...')
#5 /Users/ahmetozisik/Documents/Code/packages/idempotent/vendor/laravel/framework/src/Illuminate/Pipeline/Pipeline.php(167): Swiftmade\\Playback\\Playback->handle(Object(Illuminate\\Http\\Request), Object(Closure))
#6 /Users/ahmetozisik/Documents/Code/packages/idempotent/vendor/laravel/framework/src/Illuminate/Pipeline/Pipeline.php(103): Illuminate\\Pipeline\\Pipeline->Illuminate\\Pipeline\\{closure}(Object(Illuminate\\Http\\Request))
#7 /Users/ahmetozisik/Documents/Code/packages/idempotent/vendor/laravel/framework/src/Illuminate/Routing/Router.php(693): Illuminate\\Pipeline\\Pipeline->then(Object(Closure))
#8 /Users/ahmetozisik/Documents/Code/packages/idempotent/vendor/laravel/framework/src/Illuminate/Routing/Router.php(668): Illuminate\\Routing\\Router->runRouteWithinStack(Object(Illuminate\\Routing\\Route), Object(Illuminate\\Http\\Request))
#9 /Users/ahmetozisik/Documents/Code/packages/idempotent/vendor/laravel/framework/src/Illuminate/Routing/Router.php(634): Illuminate\\Routing\\Router->runRoute(Object(Illuminate\\Http\\Request), Object(Illuminate\\Routing\\Route))
#10 /Users/ahmetozisik/Documents/Code/packages/idempotent/vendor/laravel/framework/src/Illuminate/Routing/Router.php(623): Illuminate\\Routing\\Router->dispatchToRoute(Object(Illuminate\\Http\\Request))
#11 /Users/ahmetozisik/Documents/Code/packages/idempotent/vendor/laravel/framework/src/Illuminate/Foundation/Http/Kernel.php(166): Illuminate\\Routing\\Router->dispatch(Object(Illuminate\\Http\\Request))
#12 /Users/ahmetozisik/Documents/Code/packages/idempotent/vendor/laravel/framework/src/Illuminate/Pipeline/Pipeline.php(128): Illuminate\\Foundation\\Http\\Kernel->Illuminate\\Foundation\\Http\\{closure}(Object(Illuminate\\Http\\Request))
#13 /Users/ahmetozisik/Documents/Code/packages/idempotent/vendor/laravel/framework/src/Illuminate/Foundation/Http/Middleware/TransformsRequest.php(21): Illuminate\\Pipeline\\Pipeline->Illuminate\\Pipeline\\{closure}(Object(Illuminate\\Http\\Request))
#14 /Users/ahmetozisik/Documents/Code/packages/idempotent/vendor/laravel/framework/src/Illuminate/Pipeline/Pipeline.php(167): Illuminate\\Foundation\\Http\\Middleware\\TransformsRequest->handle(Object(Illuminate\\Http\\Request), Object(Closure))
#15 /Users/ahmetozisik/Documents/Code/packages/idempotent/vendor/laravel/framework/src/Illuminate/Foundation/Http/Middleware/TransformsRequest.php(21): Illuminate\\Pipeline\\Pipeline->Illuminate\\Pipeline\\{closure}(Object(Illuminate\\Http\\Request))
#16 /Users/ahmetozisik/Documents/Code/packages/idempotent/vendor/laravel/framework/src/Illuminate/Pipeline/Pipeline.php(167): Illuminate\\Foundation\\Http\\Middleware\\TransformsRequest->handle(Object(Illuminate\\Http\\Request), Object(Closure))
#17 /Users/ahmetozisik/Documents/Code/packages/idempotent/vendor/laravel/framework/src/Illuminate/Foundation/Http/Middleware/ValidatePostSize.php(27): Illuminate\\Pipeline\\Pipeline->Illuminate\\Pipeline\\{closure}(Object(Illuminate\\Http\\Request))
#18 /Users/ahmetozisik/Documents/Code/packages/idempotent/vendor/laravel/framework/src/Illuminate/Pipeline/Pipeline.php(167): Illuminate\\Foundation\\Http\\Middleware\\ValidatePostSize->handle(Object(Illuminate\\Http\\Request), Object(Closure))
#19 /Users/ahmetozisik/Documents/Code/packages/idempotent/vendor/laravel/framework/src/Illuminate/Pipeline/Pipeline.php(103): Illuminate\\Pipeline\\Pipeline->Illuminate\\Pipeline\\{closure}(Object(Illuminate\\Http\\Request))
#20 /Users/ahmetozisik/Documents/Code/packages/idempotent/vendor/laravel/framework/src/Illuminate/Foundation/Http/Kernel.php(141): Illuminate\\Pipeline\\Pipeline->then(Object(Closure))
#21 /Users/ahmetozisik/Documents/Code/packages/idempotent/vendor/laravel/framework/src/Illuminate/Foundation/Http/Kernel.php(110): Illuminate\\Foundation\\Http\\Kernel->sendRequestThroughRouter(Object(Illuminate\\Http\\Request))
#22 /Users/ahmetozisik/Documents/Code/packages/idempotent/vendor/laravel/framework/src/Illuminate/Foundation/Testing/Concerns/MakesHttpRequests.php(508): Illuminate\\Foundation\\Http\\Kernel->handle(Object(Illuminate\\Http\\Request))
#23 /Users/ahmetozisik/Documents/Code/packages/idempotent/vendor/laravel/framework/src/Illuminate/Foundation/Testing/Concerns/MakesHttpRequests.php(320): Orchestra\\Testbench\\TestCase->call('POST', 'users', Array, Array, Array, Array)
#24 /Users/ahmetozisik/Documents/Code/packages/idempotent/tests/PlaybackTest.php(148): Orchestra\\Testbench\\TestCase->post('users', Array, Array)
#25 /Users/ahmetozisik/Documents/Code/packages/idempotent/vendor/phpunit/phpunit/src/Framework/TestCase.php(1533): Swiftmade\\Playback\\Tests\\PlaybackTest->it_returns_400_if_body_changes()
#26 /Users/ahmetozisik/Documents/Code/packages/idempotent/vendor/phpunit/phpunit/src/Framework/TestCase.php(1139): PHPUnit\\Framework\\TestCase->runTest()
#27 /Users/ahmetozisik/Documents/Code/packages/idempotent/vendor/phpunit/phpunit/src/Framework/TestResult.php(730): PHPUnit\\Framework\\TestCase->runBare()
#28 /Users/ahmetozisik/Documents/Code/packages/idempotent/vendor/phpunit/phpunit/src/Framework/TestCase.php(880): PHPUnit\\Framework\\TestResult->run(Object(Swiftmade\\Playback\\Tests\\PlaybackTest))
#29 /Users/ahmetozisik/Documents/Code/packages/idempotent/vendor/phpunit/phpunit/src/Framework/TestSuite.php(665): PHPUnit\\Framework\\TestCase->run(Object(PHPUnit\\Framework\\TestResult))
#30 /Users/ahmetozisik/Documents/Code/packages/idempotent/vendor/phpunit/phpunit/src/Framework/TestSuite.php(665): PHPUnit\\Framework\\TestSuite->run(Object(PHPUnit\\Framework\\TestResult))
#31 /Users/ahmetozisik/Documents/Code/packages/idempotent/vendor/phpunit/phpunit/src/Framework/TestSuite.php(665): PHPUnit\\Framework\\TestSuite->run(Object(PHPUnit\\Framework\\TestResult))
#32 /Users/ahmetozisik/Documents/Code/packages/idempotent/vendor/phpunit/phpunit/src/TextUI/TestRunner.php(671): PHPUnit\\Framework\\TestSuite->run(Object(PHPUnit\\Framework\\TestResult))
#33 /Users/ahmetozisik/Documents/Code/packages/idempotent/vendor/phpunit/phpunit/src/TextUI/Command.php(148): PHPUnit\\TextUI\\TestRunner->run(Object(PHPUnit\\Framework\\TestSuite), Array, Array, true)
#34 /Users/ahmetozisik/Documents/Code/packages/idempotent/vendor/phpunit/phpunit/src/TextUI/Command.php(101): PHPUnit\\TextUI\\Command->run(Array, true)
#35 /Users/ahmetozisik/Documents/Code/packages/idempotent/vendor/phpunit/phpunit/phpunit(61): PHPUnit\\TextUI\\Command::main()
#36 {main}
"} 
[2020-09-23 16:00:01] testing.ERROR: Cache store [playback] is not defined. {"exception":"[object] (InvalidArgumentException(code: 0): Cache store [playback] is not defined. at /Users/ahmetozisik/Documents/Code/packages/idempotent/vendor/laravel/framework/src/Illuminate/Cache/CacheManager.php:98)
[stacktrace]
#0 /Users/ahmetozisik/Documents/Code/packages/idempotent/vendor/laravel/framework/src/Illuminate/Cache/CacheManager.php(82): Illuminate\\Cache\\CacheManager->resolve('playback')
#1 /Users/ahmetozisik/Documents/Code/packages/idempotent/vendor/laravel/framework/src/Illuminate/Cache/CacheManager.php(60): Illuminate\\Cache\\CacheManager->get('playback')
#2 /Users/ahmetozisik/Documents/Code/packages/idempotent/src/Recorder.php(57): Illuminate\\Cache\\CacheManager->store('playback')
#3 /Users/ahmetozisik/Documents/Code/packages/idempotent/src/Recorder.php(16): Swiftmade\\Playback\\Recorder::store()
#4 /Users/ahmetozisik/Documents/Code/packages/idempotent/src/Playback.php(24): Swiftmade\\Playback\\Recorder::find('key_5f6b71013ea...')
#5 /Users/ahmetozisik/Documents/Code/packages/idempotent/vendor/laravel/framework/src/Illuminate/Pipeline/Pipeline.php(167): Swiftmade\\Playback\\Playback->handle(Object(Illuminate\\Http\\Request), Object(Closure))
#6 /Users/ahmetozisik/Documents/Code/packages/idempotent/vendor/laravel/framework/src/Illuminate/Pipeline/Pipeline.php(103): Illuminate\\Pipeline\\Pipeline->Illuminate\\Pipeline\\{closure}(Object(Illuminate\\Http\\Request))
#7 /Users/ahmetozisik/Documents/Code/packages/idempotent/vendor/laravel/framework/src/Illuminate/Routing/Router.php(693): Illuminate\\Pipeline\\Pipeline->then(Object(Closure))
#8 /Users/ahmetozisik/Documents/Code/packages/idempotent/vendor/laravel/framework/src/Illuminate/Routing/Router.php(668): Illuminate\\Routing\\Router->runRouteWithinStack(Object(Illuminate\\Routing\\Route), Object(Illuminate\\Http\\Request))
#9 /Users/ahmetozisik/Documents/Code/packages/idempotent/vendor/laravel/framework/src/Illuminate/Routing/Router.php(634): Illuminate\\Routing\\Router->runRoute(Object(Illuminate\\Http\\Request), Object(Illuminate\\Routing\\Route))
#10 /Users/ahmetozisik/Documents/Code/packages/idempotent/vendor/laravel/framework/src/Illuminate/Routing/Router.php(623): Illuminate\\Routing\\Router->dispatchToRoute(Object(Illuminate\\Http\\Request))
#11 /Users/ahmetozisik/Documents/Code/packages/idempotent/vendor/laravel/framework/src/Illuminate/Foundation/Http/Kernel.php(166): Illuminate\\Routing\\Router->dispatch(Object(Illuminate\\Http\\Request))
#12 /Users/ahmetozisik/Documents/Code/packages/idempotent/vendor/laravel/framework/src/Illuminate/Pipeline/Pipeline.php(128): Illuminate\\Foundation\\Http\\Kernel->Illuminate\\Foundation\\Http\\{closure}(Object(Illuminate\\Http\\Request))
#13 /Users/ahmetozisik/Documents/Code/packages/idempotent/vendor/laravel/framework/src/Illuminate/Foundation/Http/Middleware/TransformsRequest.php(21): Illuminate\\Pipeline\\Pipeline->Illuminate\\Pipeline\\{closure}(Object(Illuminate\\Http\\Request))
#14 /Users/ahmetozisik/Documents/Code/packages/idempotent/vendor/laravel/framework/src/Illuminate/Pipeline/Pipeline.php(167): Illuminate\\Foundation\\Http\\Middleware\\TransformsRequest->handle(Object(Illuminate\\Http\\Request), Object(Closure))
#15 /Users/ahmetozisik/Documents/Code/packages/idempotent/vendor/laravel/framework/src/Illuminate/Foundation/Http/Middleware/TransformsRequest.php(21): Illuminate\\Pipeline\\Pipeline->Illuminate\\Pipeline\\{closure}(Object(Illuminate\\Http\\Request))
#16 /Users/ahmetozisik/Documents/Code/packages/idempotent/vendor/laravel/framework/src/Illuminate/Pipeline/Pipeline.php(167): Illuminate\\Foundation\\Http\\Middleware\\TransformsRequest->handle(Object(Illuminate\\Http\\Request), Object(Closure))
#17 /Users/ahmetozisik/Documents/Code/packages/idempotent/vendor/laravel/framework/src/Illuminate/Foundation/Http/Middleware/ValidatePostSize.php(27): Illuminate\\Pipeline\\Pipeline->Illuminate\\Pipeline\\{closure}(Object(Illuminate\\Http\\Request))
#18 /Users/ahmetozisik/Documents/Code/packages/idempotent/vendor/laravel/framework/src/Illuminate/Pipeline/Pipeline.php(167): Illuminate\\Foundation\\Http\\Middleware\\ValidatePostSize->handle(Object(Illuminate\\Http\\Request), Object(Closure))
#19 /Users/ahmetozisik/Documents/Code/packages/idempotent/vendor/laravel/framework/src/Illuminate/Pipeline/Pipeline.php(103): Illuminate\\Pipeline\\Pipeline->Illuminate\\Pipeline\\{closure}(Object(Illuminate\\Http\\Request))
#20 /Users/ahmetozisik/Documents/Code/packages/idempotent/vendor/laravel/framework/src/Illuminate/Foundation/Http/Kernel.php(141): Illuminate\\Pipeline\\Pipeline->then(Object(Closure))
#21 /Users/ahmetozisik/Documents/Code/packages/idempotent/vendor/laravel/framework/src/Illuminate/Foundation/Http/Kernel.php(110): Illuminate\\Foundation\\Http\\Kernel->sendRequestThroughRouter(Object(Illuminate\\Http\\Request))
#22 /Users/ahmetozisik/Documents/Code/packages/idempotent/vendor/laravel/framework/src/Illuminate/Foundation/Testing/Concerns/MakesHttpRequests.php(508): Illuminate\\Foundation\\Http\\Kernel->handle(Object(Illuminate\\Http\\Request))
#23 /Users/ahmetozisik/Documents/Code/packages/idempotent/vendor/laravel/framework/src/Illuminate/Foundation/Testing/Concerns/MakesHttpRequests.php(320): Orchestra\\Testbench\\TestCase->call('POST', 'users', Array, Array, Array, Array)
#24 /Users/ahmetozisik/Documents/Code/packages/idempotent/tests/PlaybackTest.php(169): Orchestra\\Testbench\\TestCase->post('users', Array, Array)
#25 /Users/ahmetozisik/Documents/Code/packages/idempotent/vendor/phpunit/phpunit/src/Framework/TestCase.php(1533): Swiftmade\\Playback\\Tests\\PlaybackTest->it_returns_400_if_query_parameters_change()
#26 /Users/ahmetozisik/Documents/Code/packages/idempotent/vendor/phpunit/phpunit/src/Framework/TestCase.php(1139): PHPUnit\\Framework\\TestCase->runTest()
#27 /Users/ahmetozisik/Documents/Code/packages/idempotent/vendor/phpunit/phpunit/src/Framework/TestResult.php(730): PHPUnit\\Framework\\TestCase->runBare()
#28 /Users/ahmetozisik/Documents/Code/packages/idempotent/vendor/phpunit/phpunit/src/Framework/TestCase.php(880): PHPUnit\\Framework\\TestResult->run(Object(Swiftmade\\Playback\\Tests\\PlaybackTest))
#29 /Users/ahmetozisik/Documents/Code/packages/idempotent/vendor/phpunit/phpunit/src/Framework/TestSuite.php(665): PHPUnit\\Framework\\TestCase->run(Object(PHPUnit\\Framework\\TestResult))
#30 /Users/ahmetozisik/Documents/Code/packages/idempotent/vendor/phpunit/phpunit/src/Framework/TestSuite.php(665): PHPUnit\\Framework\\TestSuite->run(Object(PHPUnit\\Framework\\TestResult))
#31 /Users/ahmetozisik/Documents/Code/packages/idempotent/vendor/phpunit/phpunit/src/Framework/TestSuite.php(665): PHPUnit\\Framework\\TestSuite->run(Object(PHPUnit\\Framework\\TestResult))
#32 /Users/ahmetozisik/Documents/Code/packages/idempotent/vendor/phpunit/phpunit/src/TextUI/TestRunner.php(671): PHPUnit\\Framework\\TestSuite->run(Object(PHPUnit\\Framework\\TestResult))
#33 /Users/ahmetozisik/Documents/Code/packages/idempotent/vendor/phpunit/phpunit/src/TextUI/Command.php(148): PHPUnit\\TextUI\\TestRunner->run(Object(PHPUnit\\Framework\\TestSuite), Array, Array, true)
#34 /Users/ahmetozisik/Documents/Code/packages/idempotent/vendor/phpunit/phpunit/src/TextUI/Command.php(101): PHPUnit\\TextUI\\Command->run(Array, true)
#35 /Users/ahmetozisik/Documents/Code/packages/idempotent/vendor/phpunit/phpunit/phpunit(61): PHPUnit\\TextUI\\Command::main()
#36 {main}
"} 
[2020-09-23 16:00:01] testing.ERROR: Cache store [playback] is not defined. {"exception":"[object] (InvalidArgumentException(code: 0): Cache store [playback] is not defined. at /Users/ahmetozisik/Documents/Code/packages/idempotent/vendor/laravel/framework/src/Illuminate/Cache/CacheManager.php:98)
[stacktrace]
#0 /Users/ahmetozisik/Documents/Code/packages/idempotent/vendor/laravel/framework/src/Illuminate/Cache/CacheManager.php(82): Illuminate\\Cache\\CacheManager->resolve('playback')
#1 /Users/ahmetozisik/Documents/Code/packages/idempotent/vendor/laravel/framework/src/Illuminate/Cache/CacheManager.php(60): Illuminate\\Cache\\CacheManager->get('playback')
#2 /Users/ahmetozisik/Documents/Code/packages/idempotent/src/Recorder.php(57): Illuminate\\Cache\\CacheManager->store('playback')
#3 /Users/ahmetozisik/Documents/Code/packages/idempotent/src/Recorder.php(16): Swiftmade\\Playback\\Recorder::store()
#4 /Users/ahmetozisik/Documents/Code/packages/idempotent/src/Playback.php(24): Swiftmade\\Playback\\Recorder::find('key_5f6b71013f9...')
#5 /Users/ahmetozisik/Documents/Code/packages/idempotent/vendor/laravel/framework/src/Illuminate/Pipeline/Pipeline.php(167): Swiftmade\\Playback\\Playback->handle(Object(Illuminate\\Http\\Request), Object(Closure))
#6 /Users/ahmetozisik/Documents/Code/packages/idempotent/vendor/laravel/framework/src/Illuminate/Pipeline/Pipeline.php(103): Illuminate\\Pipeline\\Pipeline->Illuminate\\Pipeline\\{closure}(Object(Illuminate\\Http\\Request))
#7 /Users/ahmetozisik/Documents/Code/packages/idempotent/vendor/laravel/framework/src/Illuminate/Routing/Router.php(693): Illuminate\\Pipeline\\Pipeline->then(Object(Closure))
#8 /Users/ahmetozisik/Documents/Code/packages/idempotent/vendor/laravel/framework/src/Illuminate/Routing/Router.php(668): Illuminate\\Routing\\Router->runRouteWithinStack(Object(Illuminate\\Routing\\Route), Object(Illuminate\\Http\\Request))
#9 /Users/ahmetozisik/Documents/Code/packages/idempotent/vendor/laravel/framework/src/Illuminate/Routing/Router.php(634): Illuminate\\Routing\\Router->runRoute(Object(Illuminate\\Http\\Request), Object(Illuminate\\Routing\\Route))
#10 /Users/ahmetozisik/Documents/Code/packages/idempotent/vendor/laravel/framework/src/Illuminate/Routing/Router.php(623): Illuminate\\Routing\\Router->dispatchToRoute(Object(Illuminate\\Http\\Request))
#11 /Users/ahmetozisik/Documents/Code/packages/idempotent/vendor/laravel/framework/src/Illuminate/Foundation/Http/Kernel.php(166): Illuminate\\Routing\\Router->dispatch(Object(Illuminate\\Http\\Request))
#12 /Users/ahmetozisik/Documents/Code/packages/idempotent/vendor/laravel/framework/src/Illuminate/Pipeline/Pipeline.php(128): Illuminate\\Foundation\\Http\\Kernel->Illuminate\\Foundation\\Http\\{closure}(Object(Illuminate\\Http\\Request))
#13 /Users/ahmetozisik/Documents/Code/packages/idempotent/vendor/laravel/framework/src/Illuminate/Foundation/Http/Middleware/TransformsRequest.php(21): Illuminate\\Pipeline\\Pipeline->Illuminate\\Pipeline\\{closure}(Object(Illuminate\\Http\\Request))
#14 /Users/ahmetozisik/Documents/Code/packages/idempotent/vendor/laravel/framework/src/Illuminate/Pipeline/Pipeline.php(167): Illuminate\\Foundation\\Http\\Middleware\\TransformsRequest->handle(Object(Illuminate\\Http\\Request), Object(Closure))
#15 /Users/ahmetozisik/Documents/Code/packages/idempotent/vendor/laravel/framework/src/Illuminate/Foundation/Http/Middleware/TransformsRequest.php(21): Illuminate\\Pipeline\\Pipeline->Illuminate\\Pipeline\\{closure}(Object(Illuminate\\Http\\Request))
#16 /Users/ahmetozisik/Documents/Code/packages/idempotent/vendor/laravel/framework/src/Illuminate/Pipeline/Pipeline.php(167): Illuminate\\Foundation\\Http\\Middleware\\TransformsRequest->handle(Object(Illuminate\\Http\\Request), Object(Closure))
#17 /Users/ahmetozisik/Documents/Code/packages/idempotent/vendor/laravel/framework/src/Illuminate/Foundation/Http/Middleware/ValidatePostSize.php(27): Illuminate\\Pipeline\\Pipeline->Illuminate\\Pipeline\\{closure}(Object(Illuminate\\Http\\Request))
#18 /Users/ahmetozisik/Documents/Code/packages/idempotent/vendor/laravel/framework/src/Illuminate/Pipeline/Pipeline.php(167): Illuminate\\Foundation\\Http\\Middleware\\ValidatePostSize->handle(Object(Illuminate\\Http\\Request), Object(Closure))
#19 /Users/ahmetozisik/Documents/Code/packages/idempotent/vendor/laravel/framework/src/Illuminate/Pipeline/Pipeline.php(103): Illuminate\\Pipeline\\Pipeline->Illuminate\\Pipeline\\{closure}(Object(Illuminate\\Http\\Request))
#20 /Users/ahmetozisik/Documents/Code/packages/idempotent/vendor/laravel/framework/src/Illuminate/Foundation/Http/Kernel.php(141): Illuminate\\Pipeline\\Pipeline->then(Object(Closure))
#21 /Users/ahmetozisik/Documents/Code/packages/idempotent/vendor/laravel/framework/src/Illuminate/Foundation/Http/Kernel.php(110): Illuminate\\Foundation\\Http\\Kernel->sendRequestThroughRouter(Object(Illuminate\\Http\\Request))
#22 /Users/ahmetozisik/Documents/Code/packages/idempotent/vendor/laravel/framework/src/Illuminate/Foundation/Testing/Concerns/MakesHttpRequests.php(508): Illuminate\\Foundation\\Http\\Kernel->handle(Object(Illuminate\\Http\\Request))
#23 /Users/ahmetozisik/Documents/Code/packages/idempotent/vendor/laravel/framework/src/Illuminate/Foundation/Testing/Concerns/MakesHttpRequests.php(320): Orchestra\\Testbench\\TestCase->call('POST', 'users', Array, Array, Array, Array)
#24 /Users/ahmetozisik/Documents/Code/packages/idempotent/tests/PlaybackTest.php(187): Orchestra\\Testbench\\TestCase->post('users', Array, Array)
#25 /Users/ahmetozisik/Documents/Code/packages/idempotent/vendor/phpunit/phpunit/src/Framework/TestCase.php(1533): Swiftmade\\Playback\\Tests\\PlaybackTest->it_returns_400_if_path_changes()
#26 /Users/ahmetozisik/Documents/Code/packages/idempotent/vendor/phpunit/phpunit/src/Framework/TestCase.php(1139): PHPUnit\\Framework\\TestCase->runTest()
#27 /Users/ahmetozisik/Documents/Code/packages/idempotent/vendor/phpunit/phpunit/src/Framework/TestResult.php(730): PHPUnit\\Framework\\TestCase->runBare()
#28 /Users/ahmetozisik/Documents/Code/packages/idempotent/vendor/phpunit/phpunit/src/Framework/TestCase.php(880): PHPUnit\\Framework\\TestResult->run(Object(Swiftmade\\Playback\\Tests\\PlaybackTest))
#29 /Users/ahmetozisik/Documents/Code/packages/idempotent/vendor/phpunit/phpunit/src/Framework/TestSuite.php(665): PHPUnit\\Framework\\TestCase->run(Object(PHPUnit\\Framework\\TestResult))
#30 /Users/ahmetozisik/Documents/Code/packages/idempotent/vendor/phpunit/phpunit/src/Framework/TestSuite.php(665): PHPUnit\\Framework\\TestSuite->run(Object(PHPUnit\\Framework\\TestResult))
#31 /Users/ahmetozisik/Documents/Code/packages/idempotent/vendor/phpunit/phpunit/src/Framework/TestSuite.php(665): PHPUnit\\Framework\\TestSuite->run(Object(PHPUnit\\Framework\\TestResult))
#32 /Users/ahmetozisik/Documents/Code/packages/idempotent/vendor/phpunit/phpunit/src/TextUI/TestRunner.php(671): PHPUnit\\Framework\\TestSuite->run(Object(PHPUnit\\Framework\\TestResult))
#33 /Users/ahmetozisik/Documents/Code/packages/idempotent/vendor/phpunit/phpunit/src/TextUI/Command.php(148): PHPUnit\\TextUI\\TestRunner->run(Object(PHPUnit\\Framework\\TestSuite), Array, Array, true)
#34 /Users/ahmetozisik/Documents/Code/packages/idempotent/vendor/phpunit/phpunit/src/TextUI/Command.php(101): PHPUnit\\TextUI\\Command->run(Array, true)
#35 /Users/ahmetozisik/Documents/Code/packages/idempotent/vendor/phpunit/phpunit/phpunit(61): PHPUnit\\TextUI\\Command::main()
#36 {main}
"} 
[2020-09-23 16:00:01] testing.ERROR: Cache store [playback] is not defined. {"exception":"[object] (InvalidArgumentException(code: 0): Cache store [playback] is not defined. at /Users/ahmetozisik/Documents/Code/packages/idempotent/vendor/laravel/framework/src/Illuminate/Cache/CacheManager.php:98)
[stacktrace]
#0 /Users/ahmetozisik/Documents/Code/packages/idempotent/vendor/laravel/framework/src/Illuminate/Cache/CacheManager.php(82): Illuminate\\Cache\\CacheManager->resolve('playback')
#1 /Users/ahmetozisik/Documents/Code/packages/idempotent/vendor/laravel/framework/src/Illuminate/Cache/CacheManager.php(60): Illuminate\\Cache\\CacheManager->get('playback')
#2 /Users/ahmetozisik/Documents/Code/packages/idempotent/src/Recorder.php(57): Illuminate\\Cache\\CacheManager->store('playback')
#3 /Users/ahmetozisik/Documents/Code/packages/idempotent/src/Recorder.php(16): Swiftmade\\Playback\\Recorder::store()
#4 /Users/ahmetozisik/Documents/Code/packages/idempotent/src/Playback.php(24): Swiftmade\\Playback\\Recorder::find('validation_test')
#5 /Users/ahmetozisik/Documents/Code/packages/idempotent/vendor/laravel/framework/src/Illuminate/Pipeline/Pipeline.php(167): Swiftmade\\Playback\\Playback->handle(Object(Illuminate\\Http\\Request), Object(Closure))
#6 /Users/ahmetozisik/Documents/Code/packages/idempotent/vendor/laravel/framework/src/Illuminate/Pipeline/Pipeline.php(103): Illuminate\\Pipeline\\Pipeline->Illuminate\\Pipeline\\{closure}(Object(Illuminate\\Http\\Request))
#7 /Users/ahmetozisik/Documents/Code/packages/idempotent/vendor/laravel/framework/src/Illuminate/Routing/Router.php(693): Illuminate\\Pipeline\\Pipeline->then(Object(Closure))
#8 /Users/ahmetozisik/Documents/Code/packages/idempotent/vendor/laravel/framework/src/Illuminate/Routing/Router.php(668): Illuminate\\Routing\\Router->runRouteWithinStack(Object(Illuminate\\Routing\\Route), Object(Illuminate\\Http\\Request))
#9 /Users/ahmetozisik/Documents/Code/packages/idempotent/vendor/laravel/framework/src/Illuminate/Routing/Router.php(634): Illuminate\\Routing\\Router->runRoute(Object(Illuminate\\Http\\Request), Object(Illuminate\\Routing\\Route))
#10 /Users/ahmetozisik/Documents/Code/packages/idempotent/vendor/laravel/framework/src/Illuminate/Routing/Router.php(623): Illuminate\\Routing\\Router->dispatchToRoute(Object(Illuminate\\Http\\Request))
#11 /Users/ahmetozisik/Documents/Code/packages/idempotent/vendor/laravel/framework/src/Illuminate/Foundation/Http/Kernel.php(166): Illuminate\\Routing\\Router->dispatch(Object(Illuminate\\Http\\Request))
#12 /Users/ahmetozisik/Documents/Code/packages/idempotent/vendor/laravel/framework/src/Illuminate/Pipeline/Pipeline.php(128): Illuminate\\Foundation\\Http\\Kernel->Illuminate\\Foundation\\Http\\{closure}(Object(Illuminate\\Http\\Request))
#13 /Users/ahmetozisik/Documents/Code/packages/idempotent/vendor/laravel/framework/src/Illuminate/Foundation/Http/Middleware/TransformsRequest.php(21): Illuminate\\Pipeline\\Pipeline->Illuminate\\Pipeline\\{closure}(Object(Illuminate\\Http\\Request))
#14 /Users/ahmetozisik/Documents/Code/packages/idempotent/vendor/laravel/framework/src/Illuminate/Pipeline/Pipeline.php(167): Illuminate\\Foundation\\Http\\Middleware\\TransformsRequest->handle(Object(Illuminate\\Http\\Request), Object(Closure))
#15 /Users/ahmetozisik/Documents/Code/packages/idempotent/vendor/laravel/framework/src/Illuminate/Foundation/Http/Middleware/TransformsRequest.php(21): Illuminate\\Pipeline\\Pipeline->Illuminate\\Pipeline\\{closure}(Object(Illuminate\\Http\\Request))
#16 /Users/ahmetozisik/Documents/Code/packages/idempotent/vendor/laravel/framework/src/Illuminate/Pipeline/Pipeline.php(167): Illuminate\\Foundation\\Http\\Middleware\\TransformsRequest->handle(Object(Illuminate\\Http\\Request), Object(Closure))
#17 /Users/ahmetozisik/Documents/Code/packages/idempotent/vendor/laravel/framework/src/Illuminate/Foundation/Http/Middleware/ValidatePostSize.php(27): Illuminate\\Pipeline\\Pipeline->Illuminate\\Pipeline\\{closure}(Object(Illuminate\\Http\\Request))
#18 /Users/ahmetozisik/Documents/Code/packages/idempotent/vendor/laravel/framework/src/Illuminate/Pipeline/Pipeline.php(167): Illuminate\\Foundation\\Http\\Middleware\\ValidatePostSize->handle(Object(Illuminate\\Http\\Request), Object(Closure))
#19 /Users/ahmetozisik/Documents/Code/packages/idempotent/vendor/laravel/framework/src/Illuminate/Pipeline/Pipeline.php(103): Illuminate\\Pipeline\\Pipeline->Illuminate\\Pipeline\\{closure}(Object(Illuminate\\Http\\Request))
#20 /Users/ahmetozisik/Documents/Code/packages/idempotent/vendor/laravel/framework/src/Illuminate/Foundation/Http/Kernel.php(141): Illuminate\\Pipeline\\Pipeline->then(Object(Closure))
#21 /Users/ahmetozisik/Documents/Code/packages/idempotent/vendor/laravel/framework/src/Illuminate/Foundation/Http/Kernel.php(110): Illuminate\\Foundation\\Http\\Kernel->sendRequestThroughRouter(Object(Illuminate\\Http\\Request))
#22 /Users/ahmetozisik/Documents/Code/packages/idempotent/vendor/laravel/framework/src/Illuminate/Foundation/Testing/Concerns/MakesHttpRequests.php(508): Illuminate\\Foundation\\Http\\Kernel->handle(Object(Illuminate\\Http\\Request))
#23 /Users/ahmetozisik/Documents/Code/packages/idempotent/vendor/laravel/framework/src/Illuminate/Foundation/Testing/Concerns/MakesHttpRequests.php(474): Orchestra\\Testbench\\TestCase->call('POST', 'validate', Array, Array, Array, Array, '{\"name\":\"\"}')
#24 /Users/ahmetozisik/Documents/Code/packages/idempotent/vendor/laravel/framework/src/Illuminate/Foundation/Testing/Concerns/MakesHttpRequests.php(333): Orchestra\\Testbench\\TestCase->json('POST', 'validate', Array, Array)
#25 /Users/ahmetozisik/Documents/Code/packages/idempotent/tests/PlaybackTest.php(205): Orchestra\\Testbench\\TestCase->postJson('validate', Array, Array)
#26 /Users/ahmetozisik/Documents/Code/packages/idempotent/vendor/phpunit/phpunit/src/Framework/TestCase.php(1533): Swiftmade\\Playback\\Tests\\PlaybackTest->it_does_not_play_back_if_validation_fails()
#27 /Users/ahmetozisik/Documents/Code/packages/idempotent/vendor/phpunit/phpunit/src/Framework/TestCase.php(1139): PHPUnit\\Framework\\TestCase->runTest()
#28 /Users/ahmetozisik/Documents/Code/packages/idempotent/vendor/phpunit/phpunit/src/Framework/TestResult.php(730): PHPUnit\\Framework\\TestCase->runBare()
#29 /Users/ahmetozisik/Documents/Code/packages/idempotent/vendor/phpunit/phpunit/src/Framework/TestCase.php(880): PHPUnit\\Framework\\TestResult->run(Object(Swiftmade\\Playback\\Tests\\PlaybackTest))
#30 /Users/ahmetozisik/Documents/Code/packages/idempotent/vendor/phpunit/phpunit/src/Framework/TestSuite.php(665): PHPUnit\\Framework\\TestCase->run(Object(PHPUnit\\Framework\\TestResult))
#31 /Users/ahmetozisik/Documents/Code/packages/idempotent/vendor/phpunit/phpunit/src/Framework/TestSuite.php(665): PHPUnit\\Framework\\TestSuite->run(Object(PHPUnit\\Framework\\TestResult))
#32 /Users/ahmetozisik/Documents/Code/packages/idempotent/vendor/phpunit/phpunit/src/Framework/TestSuite.php(665): PHPUnit\\Framework\\TestSuite->run(Object(PHPUnit\\Framework\\TestResult))
#33 /Users/ahmetozisik/Documents/Code/packages/idempotent/vendor/phpunit/phpunit/src/TextUI/TestRunner.php(671): PHPUnit\\Framework\\TestSuite->run(Object(PHPUnit\\Framework\\TestResult))
#34 /Users/ahmetozisik/Documents/Code/packages/idempotent/vendor/phpunit/phpunit/src/TextUI/Command.php(148): PHPUnit\\TextUI\\TestRunner->run(Object(PHPUnit\\Framework\\TestSuite), Array, Array, true)
#35 /Users/ahmetozisik/Documents/Code/packages/idempotent/vendor/phpunit/phpunit/src/TextUI/Command.php(101): PHPUnit\\TextUI\\Command->run(Array, true)
#36 /Users/ahmetozisik/Documents/Code/packages/idempotent/vendor/phpunit/phpunit/phpunit(61): PHPUnit\\TextUI\\Command::main()
#37 {main}
"} 
